#
# There is insufficient memory for the Java Runtime Environment to continue.
# Native memory allocation (mmap) failed to map 266338304 bytes for Failed to commit area from 0x0000000703200000 to 0x0000000713000000 of length 266338304.
# Possible reasons:
#   The system is out of physical RAM or swap space
#   The process is running with CompressedOops enabled, and the Java Heap may be blocking the growth of the native heap
# Possible solutions:
#   Reduce memory load on the system
#   Increase physical memory or swap space
#   Check if swap backing store is full
#   Decrease Java heap size (-Xmx/-Xms)
#   Decrease number of Java threads
#   Decrease Java thread stack sizes (-Xss)
#   Set larger code cache with -XX:ReservedCodeCacheSize=
#   JVM is running with Zero Based Compressed Oops mode in which the Java heap is
#     placed in the first 32GB address space. The Java Heap base address is the
#     maximum limit for the native heap growth. Please use -XX:HeapBaseMinAddress
#     to set the Java Heap base and to place the Java Heap above 32GB virtual address.
# This output file may be truncated or incomplete.
#
#  Out of Memory Error (./open/src/hotspot/os/windows/os_windows.cpp:3315), pid=42352, tid=4352
#
# JRE version:  (14.0.1+7) (build )
# Java VM: Java HotSpot(TM) 64-Bit Server VM (14.0.1+7, mixed mode, sharing, tiered, compressed oops, g1 gc, windows-amd64)
# No core dump will be written. Minidumps are not enabled by default on client versions of Windows
#

---------------  S U M M A R Y ------------

Command Line: -Dfile.encoding=Cp1252 myDemo_Selenium.contactsTC25

Host: Intel(R) Core(TM) i7-8565U CPU @ 1.80GHz, 8 cores, 15G,  Windows 10 , 64 bit Build 18362 (10.0.18362.778)
Time: Sat May  2 20:58:42 2020 Mountain Daylight Time elapsed time: 0 seconds (0d 0h 0m 0s)

---------------  T H R E A D  ---------------

Current thread (0x000001f279114800):  JavaThread "Unknown thread" [_thread_in_vm, id=4352, stack(0x000000a015000000,0x000000a015100000)]

Stack: [0x000000a015000000,0x000000a015100000]
Native frames: (J=compiled Java code, j=interpreted, Vv=VM code, C=native code)
V  [jvm.dll+0x5f840a]
V  [jvm.dll+0x741e4a]
V  [jvm.dll+0x7435ff]
V  [jvm.dll+0x743c43]
V  [jvm.dll+0x20d288]
V  [jvm.dll+0x5f57ba]
V  [jvm.dll+0x5ea615]
V  [jvm.dll+0x2c7e9c]
V  [jvm.dll+0x2c7cd2]
V  [jvm.dll+0x2cdbbc]
V  [jvm.dll+0x313ff8]
V  [jvm.dll+0x313720]
V  [jvm.dll+0x2a092a]
V  [jvm.dll+0x2a1a79]
V  [jvm.dll+0x71f718]
V  [jvm.dll+0x321c44]
V  [jvm.dll+0x700b0c]
V  [jvm.dll+0x392dff]
V  [jvm.dll+0x394e71]
C  [jli.dll+0x523b]
C  [ucrtbase.dll+0x20e72]
C  [KERNEL32.DLL+0x17bd4]
C  [ntdll.dll+0x6ce51]


---------------  P R O C E S S  ---------------

Threads class SMR info:
_java_thread_list=0x00007ffdb9573078, length=0, elements={
}

Java Threads: ( => current thread )

Other Threads:
  0x000001f27917c000 GCTaskThread "GC Thread#0" [stack: 0x000000a015100000,0x000000a015200000] [id=24268]
  0x000001f27919e800 ConcurrentGCThread "G1 Main Marker" [stack: 0x000000a015200000,0x000000a015300000] [id=43184]
  0x000001f2791a0000 ConcurrentGCThread "G1 Conc#0" [stack: 0x000000a015300000,0x000000a015400000] [id=43068]

[error occurred during error reporting (printing all threads), id 0xc0000005, EXCEPTION_ACCESS_VIOLATION (0xc0000005) at pc=0x00007ffdb8da1257]

VM state:not at safepoint (not fully initialized)

VM Mutex/Monitor currently owned by a thread:  ([mutex/lock_event])
[0x000001f27910fe50] Heap_lock - owner thread: 0x000001f279114800

Heap address: 0x0000000703200000, size: 4046 MB, Compressed Oops mode: Zero based, Oop shift amount: 3
Narrow klass base: 0x0000000000000000, Narrow klass shift: 0

GC Heap History (0 events):
No events

Deoptimization events (0 events):
No events

Classes unloaded (0 events):
No events

Classes redefined (0 events):
No events

Internal exceptions (0 events):
No events

Events (2 events):
Event: 0.007 Loaded shared library C:\Program Files\Java\jdk\bin\java.dll
Event: 0.007 Loaded shared library C:\Program Files\Java\jdk\bin\zip.dll


Dynamic libraries:
0x00007ff799510000 - 0x00007ff79951f000 	C:\Program Files\Java\jdk\bin\javaw.exe
0x00007ffe3d4e0000 - 0x00007ffe3d6d0000 	C:\WINDOWS\SYSTEM32\ntdll.dll
0x00007ffe3cda0000 - 0x00007ffe3ce52000 	C:\WINDOWS\System32\KERNEL32.DLL
0x00007ffe3aef0000 - 0x00007ffe3b193000 	C:\WINDOWS\System32\KERNELBASE.dll
0x00007ffe3b340000 - 0x00007ffe3b43a000 	C:\WINDOWS\System32\ucrtbase.dll
0x00007ffe2e0d0000 - 0x00007ffe2e0e8000 	C:\Program Files\Java\jdk\bin\jli.dll
0x00007ffe30ad0000 - 0x00007ffe30ae5000 	C:\Program Files\Java\jdk\bin\VCRUNTIME140.dll
0x00007ffe3bc90000 - 0x00007ffe3bd33000 	C:\WINDOWS\System32\ADVAPI32.dll
0x00007ffe3d400000 - 0x00007ffe3d49e000 	C:\WINDOWS\System32\msvcrt.dll
0x00007ffe3ce60000 - 0x00007ffe3cef7000 	C:\WINDOWS\System32\sechost.dll
0x00007ffe3cf00000 - 0x00007ffe3d020000 	C:\WINDOWS\System32\RPCRT4.dll
0x00007ffe3c6f0000 - 0x00007ffe3c884000 	C:\WINDOWS\System32\USER32.dll
0x00007ffe3b560000 - 0x00007ffe3b581000 	C:\WINDOWS\System32\win32u.dll
0x00007ffe3b6d0000 - 0x00007ffe3b6f6000 	C:\WINDOWS\System32\GDI32.dll
0x00007ffe27b30000 - 0x00007ffe27db5000 	C:\WINDOWS\WinSxS\amd64_microsoft.windows.common-controls_6595b64144ccf1df_6.0.18362.778_none_e6c6b761130d4fb8\COMCTL32.dll
0x00007ffe3b1a0000 - 0x00007ffe3b334000 	C:\WINDOWS\System32\gdi32full.dll
0x00007ffe3b700000 - 0x00007ffe3ba36000 	C:\WINDOWS\System32\combase.dll
0x00007ffe3a520000 - 0x00007ffe3a5be000 	C:\WINDOWS\System32\msvcp_win.dll
0x00007ffe3a4a0000 - 0x00007ffe3a520000 	C:\WINDOWS\System32\bcryptPrimitives.dll
0x00007ffe310f0000 - 0x00007ffe310fa000 	C:\WINDOWS\SYSTEM32\VERSION.dll
0x00007ffe3d020000 - 0x00007ffe3d04e000 	C:\WINDOWS\System32\IMM32.DLL
0x00007ffe0df30000 - 0x00007ffe0dfcb000 	C:\Program Files\Java\jdk\bin\msvcp140.dll
0x00007ffdb8af0000 - 0x00007ffdb960e000 	C:\Program Files\Java\jdk\bin\server\jvm.dll
0x00007ffe3bda0000 - 0x00007ffe3bda8000 	C:\WINDOWS\System32\PSAPI.DLL
0x00007ffe36820000 - 0x00007ffe36829000 	C:\WINDOWS\SYSTEM32\WSOCK32.dll
0x00007ffe36870000 - 0x00007ffe36894000 	C:\WINDOWS\SYSTEM32\WINMM.dll
0x00007ffe3d0b0000 - 0x00007ffe3d11f000 	C:\WINDOWS\System32\WS2_32.dll
0x00007ffe36840000 - 0x00007ffe3686d000 	C:\WINDOWS\SYSTEM32\winmmbase.dll
0x00007ffe3b4f0000 - 0x00007ffe3b53a000 	C:\WINDOWS\System32\cfgmgr32.dll
0x00007ffe3a420000 - 0x00007ffe3a431000 	C:\WINDOWS\System32\kernel.appcore.dll
0x00007ffe33ba0000 - 0x00007ffe33baa000 	C:\Program Files\Java\jdk\bin\jimage.dll
0x00007ffe38b20000 - 0x00007ffe38d14000 	C:\WINDOWS\SYSTEM32\DBGHELP.DLL
0x00007ffe38af0000 - 0x00007ffe38b1a000 	C:\WINDOWS\SYSTEM32\dbgcore.DLL
0x00007ffe119c0000 - 0x00007ffe119e5000 	C:\Program Files\Java\jdk\bin\java.dll
0x00007ffe2d620000 - 0x00007ffe2d636000 	C:\Program Files\Java\jdk\bin\zip.dll

dbghelp: loaded successfully - version: 4.0.5 - missing functions: none
symbol engine: initialized successfully - sym options: 0x614 - pdb path: .;C:\Program Files\Java\jdk\bin;C:\WINDOWS\SYSTEM32;C:\WINDOWS\WinSxS\amd64_microsoft.windows.common-controls_6595b64144ccf1df_6.0.18362.778_none_e6c6b761130d4fb8;C:\Program Files\Java\jdk\bin\server

VM Arguments:
jvm_args: -Dfile.encoding=Cp1252 
java_command: myDemo_Selenium.contactsTC25
java_class_path (initial): C:\Users\ayagi\Desktop\JAVA\myDemo_Selenium\target\test-classes;C:\Users\ayagi\Desktop\JAVA\myDemo_Selenium\target\classes;C:\Program Files\Software\jars\POI APIs\poi-4.1.2.jar;C:\Program Files\Software\jars\POI APIs\poi-examples-4.1.2.jar;C:\Program Files\Software\jars\POI APIs\poi-excelant-4.1.2.jar;C:\Program Files\Software\jars\POI APIs\poi-ooxml-4.1.2.jar;C:\Program Files\Software\jars\POI APIs\poi-ooxml-schemas-4.1.2.jar;C:\Program Files\Software\jars\POI APIs\poi-scratchpad-4.1.2.jar;C:\Users\ayagi\.m2\repository\org\seleniumhq\selenium\selenium-server\3.141.59\selenium-server-3.141.59.jar;C:\Users\ayagi\.m2\repository\org\seleniumhq\selenium\selenium-java\3.141.59\selenium-java-3.141.59.jar;C:\Users\ayagi\.m2\repository\org\seleniumhq\selenium\selenium-api\3.141.59\selenium-api-3.141.59.jar;C:\Users\ayagi\.m2\repository\org\seleniumhq\selenium\selenium-chrome-driver\3.141.59\selenium-chrome-driver-3.141.59.jar;C:\Users\ayagi\.m2\repository\org\seleniumhq\selenium\selenium-edge-driver\3.141.59\selenium-edge-driver-3.141.59.jar;C:\Users\ayagi\.m2\repository\org\seleniumhq\selenium\selenium-firefox-driver\3.141.59\selenium-firefox-driver-3.141.59.jar;C:\Users\ayagi\.m2\repository\org\seleniumhq\selenium\selenium-ie-driver\3.141.59\selenium-ie-driver-3.141.59.jar;C:\Users\ayagi\.m2\repository\org\seleniumhq\selenium\selenium-opera-driver\3.141.59\selenium-opera-driver-3.141.59.jar;C:\Users\ayagi\.m2\repository\org\seleniumhq\selenium\selenium-remote-driver\3.141.59\selenium-remote-driver-3.141.59.jar;C:\Users\ayagi\.m2\repository\org\seleniumhq\selenium\selenium-safari-driver\3.141.59\selenium-safari-driver-3.141.59.jar;C:\Users\ayagi\.m2\repository\org\seleniumhq\selenium\selenium-support\3.141.59\selenium-support-3.141.59.jar;C:\Users\ayagi\.m2\repository\com\beust\jcommander\1.72\jcommander-1.72.jar;C:\Users\ayagi\.m2\repository\net\bytebuddy\byte-buddy\1.8.15\byte-buddy-1.8.15.jar;C:\Users\ayagi\.m2\repository\org\apache\commons\
Launcher Type: SUN_STANDARD

[Global flags]
     intx CICompilerCount                          = 4                                         {product} {ergonomic}
     uint ConcGCThreads                            = 2                                         {product} {ergonomic}
     uint G1ConcRefinementThreads                  = 8                                         {product} {ergonomic}
   size_t G1HeapRegionSize                         = 1048576                                   {product} {ergonomic}
    uintx GCDrainStackTargetSize                   = 64                                        {product} {ergonomic}
   size_t InitialHeapSize                          = 266338304                                 {product} {ergonomic}
   size_t MarkStackSize                            = 4194304                                   {product} {ergonomic}
   size_t MaxHeapSize                              = 4242538496                                {product} {ergonomic}
   size_t MinHeapDeltaBytes                        = 1048576                                   {product} {ergonomic}
   size_t MinHeapSize                              = 8388608                                   {product} {ergonomic}
    uintx NonNMethodCodeHeapSize                   = 5839372                                {pd product} {ergonomic}
    uintx NonProfiledCodeHeapSize                  = 122909434                              {pd product} {ergonomic}
    uintx ProfiledCodeHeapSize                     = 122909434                              {pd product} {ergonomic}
    uintx ReservedCodeCacheSize                    = 251658240                              {pd product} {ergonomic}
     bool SegmentedCodeCache                       = true                                      {product} {ergonomic}
   size_t SoftMaxHeapSize                          = 4242538496                             {manageable} {ergonomic}
     bool UseCompressedClassPointers               = true                                 {lp64_product} {ergonomic}
     bool UseCompressedOops                        = true                                 {lp64_product} {ergonomic}
     bool UseG1GC                                  = true                                      {product} {ergonomic}
     bool UseLargePagesIndividualAllocation        = false                                  {pd product} {ergonomic}

Logging:
Log output configuration:
 #0: stdout all=warning uptime,level,tags
 #1: stderr all=off uptime,level,tags

Environment Variables:
JAVA_HOME=C:\Program Files\Java\jdk
PATH=C:/Program Files/Java/jdk/bin/server;C:/Program Files/Java/jdk/bin;C:\Program Files (x86)\Common Files\Oracle\Java\javapath;C:\Program Files (x86)\Intel\Intel(R) Management Engine Components\iCLS\;C:\Program Files\Intel\Intel(R) Management Engine Components\iCLS\;C:\WINDOWS\system32;C:\WINDOWS;C:\WINDOWS\System32\Wbem;C:\WINDOWS\System32\WindowsPowerShell\v1.0\;C:\WINDOWS\System32\OpenSSH\;C:\Program Files (x86)\Intel\Intel(R) Management Engine Components\DAL;C:\Program Files\Intel\Intel(R) Management Engine Components\DAL;C:\Program Files\nodejs\;C:\Program Files\MongoDB\Server\4.2\bin\mongo.exe;C:\Program Files (x86)\Brackets\command;C:\Program Files (x86)\Yarn\bin\;C:\Program Files\Git\cmd;C:\Program Files\Java\jre\bin;C:\Program Files\Java\jdk\bin;C:\Program Files\apache-maven-3.6.3\bin;"C:\Users\ayagi\AppData\Local\Microsoft\WindowsApps;";C:\Users\ayagi\AppData\Roaming\npm;C:\Users\ayagi\AppData\Local\Programs\Microsoft VS Code\bin;C:\Users\ayagi\AppData\Local\hyper\app-3.0.2\resources\bin;C:\Program Files\heroku\bin;C:\mongod;c:\mongo;C:\Users\ayagi\AppData\Local\Yarn\bin;C:\Program Files\JetBrains\IntelliJ IDEA Educational Edition 2019.3.3\bin;;C:\WINDOWS\System32;
USERNAME=ayagi
OS=Windows_NT
PROCESSOR_IDENTIFIER=Intel64 Family 6 Model 142 Stepping 11, GenuineIntel



---------------  S Y S T E M  ---------------

OS: Windows 10 , 64 bit Build 18362 (10.0.18362.778)
OS uptime: 9 days 3:03 hours

CPU:total 8 (initial active 8) (4 cores per cpu, 2 threads per core) family 6 model 142 stepping 11, cmov, cx8, fxsr, mmx, sse, sse2, sse3, ssse3, sse4.1, sse4.2, popcnt, avx, avx2, aes, clmul, erms, 3dnowpref, lzcnt, ht, tsc, tscinvbit, bmi1, bmi2, adx, fma

Memory: 4k page, system-wide physical 16178M (6630M free)
TotalPageFile size 46604M (AvailPageFile size 131M)
current process WorkingSet (physical memory assigned to process): 10M, peak: 10M
current process commit charge ("private bytes"): 61M, peak: 315M

vm_info: Java HotSpot(TM) 64-Bit Server VM (14.0.1+7) for windows-amd64 JRE (14.0.1+7), built on Mar  5 2020 10:30:14 by "mach5one" with MS VC++ 15.9 (VS2017)

END.
